[2016-03-01 15:04:24] START
[2016-03-01 15:04:42] CREATE db1.py: 0
[2016-03-01 15:08:04] EDIT reddit_clone/models/db1.py: 5
[2016-03-01 15:11:07] EDIT reddit_clone/models/db1.py: 5
[2016-03-01 15:11:44] EDIT reddit_clone/models/db1.py: 0
[2016-03-01 15:15:17] EDIT reddit_clone/models/db1.py: 6
[2016-03-01 15:16:26] EDIT reddit_clone/models/db1.py: 6
[2016-03-01 15:16:37] EDIT reddit_clone/models/db1.py: 0
[2016-03-01 15:20:44] EDIT reddit_clone/models/db1.py: 0
[2016-03-01 15:23:43] EDIT reddit_clone/models/db1.py: -2
[2016-03-01 15:25:24] EDIT reddit_clone/models/db1.py: 1
[2016-03-01 15:26:35] EDIT reddit_clone/models/db1.py: 0
[2016-03-01 15:27:23] EDIT reddit_clone/models/db1.py: 0
[2016-03-01 15:31:03] EDIT reddit_clone/controllers/default.py: 7
[2016-03-01 15:33:21] EDIT reddit_clone/controllers/default.py: 10
[2016-03-01 15:45:56] EDIT reddit_clone/controllers/default.py: 1
[2016-03-01 15:46:00] EDIT reddit_clone/controllers/default.py: 0
[2016-03-02 00:07:44] EDIT reddit_clone/controllers/default.py: 2
[2016-03-02 00:19:43] EDIT reddit_clone/controllers/default.py: 2
[2016-03-02 00:21:46] EDIT reddit_clone/controllers/default.py: 2
[2016-03-02 00:30:17] EDIT reddit_clone/controllers/default.py: 12
[2016-03-02 00:30:57] EDIT reddit_clone/controllers/default.py: 0
[2016-03-02 00:31:05] EDIT reddit_clone/controllers/default.py: 0
[2016-03-02 00:33:04] EDIT reddit_clone/controllers/default.py: 4
[2016-03-02 00:33:28] EDIT reddit_clone/controllers/default.py: 1
[2016-03-02 00:40:01] EDIT reddit_clone/controllers/default.py: 7
[2016-03-02 00:40:33] EDIT reddit_clone/controllers/default.py: 0
[2016-03-02 00:40:36] EDIT reddit_clone/controllers/default.py: 0
[2016-03-02 00:41:22] EDIT reddit_clone/controllers/default.py: 0
[2016-03-02 00:41:26] EDIT reddit_clone/controllers/default.py: 0
[2016-03-02 00:41:27] EDIT reddit_clone/controllers/default.py: 0
[2016-03-02 00:41:29] EDIT reddit_clone/controllers/default.py: 0
[2016-03-02 00:41:29] EDIT reddit_clone/controllers/default.py: 0
[2016-03-02 00:41:30] EDIT reddit_clone/controllers/default.py: 0
[2016-03-02 00:42:03] EDIT reddit_clone/controllers/default.py: 0
[2016-03-02 00:43:29] EDIT reddit_clone/controllers/default.py: 1
[2016-03-02 00:46:39] EDIT reddit_clone/controllers/default.py: 3
[2016-03-02 00:46:43] EDIT reddit_clone/controllers/default.py: 0
[2016-03-02 00:46:45] EDIT reddit_clone/controllers/default.py: 0
[2016-03-02 00:47:42] EDIT reddit_clone/controllers/default.py: 0
[2016-03-02 00:48:05] EDIT reddit_clone/controllers/default.py: 0
[2016-03-02 00:55:21] EDIT reddit_clone/models/db1.py: 0
[2016-03-02 00:55:32] EDIT reddit_clone/models/db1.py: 0
[2016-03-02 00:56:21] EDIT reddit_clone/models/db1.py: 0
[2016-03-02 00:56:57] EDIT reddit_clone/models/db1.py: 0
[2016-03-02 00:57:08] EDIT reddit_clone/models/db1.py: 1
[2016-03-02 00:57:23] EDIT reddit_clone/models/db1.py: 0
[2016-03-02 00:58:38] EDIT reddit_clone/models/db1.py: 0
[2016-03-02 00:58:53] EDIT reddit_clone/models/db1.py: 0
[2016-03-02 01:03:24] EDIT reddit_clone/controllers/default.py: 0
[2016-03-02 01:05:41] EDIT reddit_clone/controllers/default.py: 0
[2016-03-02 01:07:04] EDIT reddit_clone/controllers/default.py: 1
[2016-03-02 01:07:38] EDIT reddit_clone/models/db1.py: 0
[2016-03-02 01:09:13] EDIT reddit_clone/models/db1.py: 1
[2016-03-02 01:09:45] EDIT reddit_clone/models/db1.py: 0
[2016-03-02 01:10:30] EDIT reddit_clone/models/db1.py: 0
[2016-03-02 01:11:54] EDIT reddit_clone/models/db1.py: 0
[2016-03-02 01:12:39] EDIT reddit_clone/models/db1.py: 0
[2016-03-02 01:12:46] EDIT reddit_clone/models/db1.py: 0
[2016-03-02 01:13:16] EDIT reddit_clone/models/db1.py: 0
[2016-03-02 01:14:25] EDIT reddit_clone/controllers/default.py: 0
[2016-03-02 01:14:56] EDIT reddit_clone/controllers/default.py: 0
[2016-03-02 01:15:21] EDIT reddit_clone/controllers/default.py: 0
[2016-03-02 01:15:23] EDIT reddit_clone/controllers/default.py: 0
[2016-03-02 01:15:23] EDIT reddit_clone/controllers/default.py: 0
[2016-03-02 01:15:31] EDIT reddit_clone/controllers/default.py: 0
[2016-03-02 01:16:35] EDIT reddit_clone/controllers/default.py: 0
[2016-03-02 01:17:17] EDIT reddit_clone/controllers/default.py: 0
[2016-03-02 01:21:50] EDIT reddit_clone/controllers/default.py: 0
[2016-03-02 01:25:14] EDIT reddit_clone/controllers/default.py: 0
[2016-03-02 01:27:25] EDIT reddit_clone/controllers/default.py: 0
[2016-03-02 01:27:47] EDIT reddit_clone/controllers/default.py: 0
[2016-03-02 01:40:02] EDIT reddit_clone/controllers/default.py: 0
[2016-03-02 01:42:36] EDIT reddit_clone/controllers/default.py: 4
[2016-03-02 01:47:07] EDIT reddit_clone/models/db1.py: 3
[2016-03-02 01:48:00] EDIT reddit_clone/models/db1.py: 2
[2016-03-02 01:48:27] EDIT reddit_clone/models/db1.py: 2
[2016-03-02 01:49:10] EDIT reddit_clone/models/db1.py: 3
[2016-03-02 01:49:39] EDIT reddit_clone/models/db1.py: 0
[2016-03-02 01:55:32] EDIT reddit_clone/models/db1.py: 0
[2016-03-02 01:58:12] EDIT reddit_clone/models/db1.py: 0
[2016-03-02 02:03:44] EDIT reddit_clone/models/db1.py: -10
[2016-03-02 02:07:22] EDIT reddit_clone/models/db1.py: 0
[2016-03-02 02:07:44] EDIT reddit_clone/models/db1.py: 10
[2016-03-02 02:08:29] EDIT reddit_clone/models/db1.py: 0
[2016-03-02 02:11:49] EDIT reddit_clone/models/db1.py: 0
[2016-03-02 02:14:06] EDIT reddit_clone/models/db1.py: 0
[2016-03-02 02:16:37] EDIT reddit_clone/models/db1.py: 1
[2016-03-02 02:23:33] EDIT reddit_clone/models/db1.py: -3
[2016-03-02 02:23:50] EDIT reddit_clone/models/db1.py: -1
[2016-03-02 22:59:49] EDIT reddit_clone/models/db1.py: 3
[2016-03-02 23:02:32] EDIT reddit_clone/models/db1.py: -3
[2016-03-02 23:07:12] EDIT reddit_clone/models/menu.py: -99
[2016-03-02 23:07:49] EDIT reddit_clone/models/menu.py: 0
[2016-03-02 23:08:08] EDIT reddit_clone/models/menu.py: 0
[2016-03-02 23:13:31] EDIT reddit_clone/models/menu.py: 0
[2016-03-02 23:13:53] EDIT reddit_clone/models/menu.py: 0
[2016-03-02 23:15:10] CREATE default/list_posts_by_votes.html: 0
[2016-03-02 23:19:26] EDIT reddit_clone/views/default/list_posts_by_votes.html: 6
[2016-03-02 23:31:23] EDIT reddit_clone/views/default/list_posts_by_votes.html: 0
[2016-03-02 23:31:47] EDIT reddit_clone/views/default/list_posts_by_votes.html: 0
[2016-03-02 23:37:07] EDIT reddit_clone/views/default/list_posts_by_votes.html: 0
[2016-03-02 23:37:44] EDIT reddit_clone/views/default/list_posts_by_votes.html: 0
[2016-03-02 23:39:21] EDIT reddit_clone/views/default/list_posts_by_votes.html: 0
[2016-03-02 23:40:18] EDIT reddit_clone/views/default/list_posts_by_votes.html: 3
[2016-03-02 23:40:54] EDIT reddit_clone/views/default/list_posts_by_votes.html: 3
[2016-03-02 23:42:22] EDIT reddit_clone/views/default/list_posts_by_votes.html: 0
[2016-03-02 23:42:59] EDIT reddit_clone/views/default/list_posts_by_votes.html: 0
[2016-03-02 23:43:13] EDIT reddit_clone/views/default/list_posts_by_votes.html: 0
[2016-03-02 23:45:38] EDIT reddit_clone/views/default/list_posts_by_votes.html: 0
[2016-03-02 23:46:08] EDIT reddit_clone/views/default/list_posts_by_votes.html: 0
[2016-03-02 23:47:28] EDIT reddit_clone/models/db1.py: 0
[2016-03-02 23:47:40] EDIT reddit_clone/models/db1.py: 0
[2016-03-02 23:49:33] EDIT reddit_clone/models/db1.py: 0
[2016-03-02 23:50:47] EDIT reddit_clone/models/db1.py: 0
[2016-03-02 23:51:40] EDIT reddit_clone/views/default/list_posts_by_votes.html: 0
[2016-03-02 23:52:05] EDIT reddit_clone/views/default/list_posts_by_votes.html: 0
[2016-03-02 23:52:11] EDIT reddit_clone/controllers/default.py: 0
[2016-03-02 23:52:40] EDIT reddit_clone/views/default/list_posts_by_votes.html: 0
[2016-03-02 23:52:58] EDIT reddit_clone/views/default/list_posts_by_votes.html: 0
[2016-03-02 23:53:03] EDIT reddit_clone/controllers/default.py: 0
[2016-03-02 23:55:20] EDIT reddit_clone/views/default/list_posts_by_votes.html: 1
[2016-03-02 23:58:53] EDIT reddit_clone/views/default/list_posts_by_votes.html: 3
[2016-03-02 23:58:59] EDIT reddit_clone/views/default/list_posts_by_votes.html: 1
[2016-03-03 00:00:01] EDIT reddit_clone/controllers/default.py: 1
[2016-03-03 00:01:33] EDIT reddit_clone/controllers/default.py: 0
[2016-03-03 00:02:30] EDIT reddit_clone/views/default/list_posts_by_votes.html: 0
[2016-03-03 00:06:31] EDIT reddit_clone/views/default/list_posts_by_votes.html: 0
[2016-03-03 00:12:45] EDIT reddit_clone/models/db1.py: 2
[2016-03-03 00:13:31] EDIT reddit_clone/models/db1.py: 0
[2016-03-03 00:13:40] EDIT reddit_clone/models/db1.py: -2
[2016-03-03 00:15:03] CREATE default/view_post.html: 0
[2016-03-03 00:16:00] EDIT reddit_clone/views/default/view_post.html: 4
[2016-03-03 00:16:31] EDIT reddit_clone/views/default/view_post.html: 1
[2016-03-03 00:17:56] EDIT reddit_clone/views/default/view_post.html: 2
[2016-03-03 00:21:21] EDIT reddit_clone/views/default/list_posts_by_votes.html: 2
[2016-03-03 00:22:16] EDIT reddit_clone/views/default/list_posts_by_votes.html: 0
[2016-03-03 00:22:22] EDIT reddit_clone/views/default/list_posts_by_votes.html: 0
[2016-03-03 00:23:26] EDIT reddit_clone/views/default/list_posts_by_votes.html: 0
[2016-03-03 00:23:55] EDIT reddit_clone/views/default/list_posts_by_votes.html: 0
[2016-03-03 00:26:50] EDIT reddit_clone/views/default/list_posts_by_votes.html: 0
[2016-03-03 00:27:28] EDIT reddit_clone/views/default/list_posts_by_votes.html: -1
[2016-03-03 00:30:19] EDIT reddit_clone/views/default/list_posts_by_votes.html: 1
[2016-03-03 00:35:33] EDIT reddit_clone/views/default/list_posts_by_votes.html: 0
[2016-03-03 00:59:00] EDIT reddit_clone/views/default/list_posts_by_votes.html: 0
[2016-03-03 01:00:40] EDIT reddit_clone/views/default/list_posts_by_votes.html: 0
[2016-03-03 01:01:06] EDIT reddit_clone/models/db1.py: 0
[2016-03-03 01:01:34] EDIT reddit_clone/views/default/list_posts_by_votes.html: 0
[2016-03-03 01:02:32] EDIT reddit_clone/views/default/list_posts_by_votes.html: 0
[2016-03-03 01:04:29] EDIT reddit_clone/views/default/list_posts_by_votes.html: 7
[2016-03-03 01:05:29] EDIT reddit_clone/views/default/list_posts_by_votes.html: 0
[2016-03-03 01:05:38] EDIT reddit_clone/views/default/list_posts_by_votes.html: 0
[2016-03-03 01:07:15] EDIT reddit_clone/views/default/list_posts_by_votes.html: 0
[2016-03-03 01:08:13] EDIT reddit_clone/models/db1.py: 0
[2016-03-03 01:08:26] EDIT reddit_clone/models/db1.py: 0
[2016-03-03 01:08:54] EDIT reddit_clone/models/db1.py: 0
[2016-03-03 01:09:32] EDIT reddit_clone/models/db1.py: 0
[2016-03-03 01:10:48] EDIT reddit_clone/views/default/list_posts_by_votes.html: 0
[2016-03-03 01:11:13] EDIT reddit_clone/views/default/list_posts_by_votes.html: 0
[2016-03-03 01:11:43] EDIT reddit_clone/views/default/list_posts_by_votes.html: 0
[2016-03-03 01:11:48] EDIT reddit_clone/views/default/list_posts_by_votes.html: 0
[2016-03-03 01:12:23] EDIT reddit_clone/views/default/list_posts_by_votes.html: 0
[2016-03-03 01:16:46] EDIT reddit_clone/views/default/list_posts_by_votes.html: 2
[2016-03-03 01:17:02] EDIT reddit_clone/views/default/list_posts_by_votes.html: 0
[2016-03-03 01:17:13] EDIT reddit_clone/views/default/list_posts_by_votes.html: 0
[2016-03-03 01:17:44] EDIT reddit_clone/views/default/list_posts_by_votes.html: 0
[2016-03-03 01:20:14] EDIT reddit_clone/views/default/view_post.html: 0
[2016-03-03 01:20:25] EDIT reddit_clone/views/default/view_post.html: 0
[2016-03-03 01:22:44] EDIT reddit_clone/views/default/view_post.html: 5
[2016-03-03 01:23:15] EDIT reddit_clone/views/default/view_post.html: 0
[2016-03-03 01:25:54] EDIT reddit_clone/models/db1.py: 6
[2016-03-03 01:26:24] EDIT reddit_clone/models/db1.py: 0
[2016-03-03 01:26:54] EDIT reddit_clone/views/default/view_post.html: 0
[2016-03-03 01:29:16] EDIT reddit_clone/models/db1.py: 1
[2016-03-03 01:29:30] EDIT reddit_clone/models/db1.py: 0
[2016-03-03 01:30:18] EDIT reddit_clone/models/db1.py: -1
[2016-03-03 01:30:26] EDIT reddit_clone/models/db1.py: 0
[2016-03-03 01:31:31] EDIT reddit_clone/views/default/view_post.html: 0
[2016-03-03 01:31:51] EDIT reddit_clone/views/default/view_post.html: 0
[2016-03-03 01:32:33] EDIT reddit_clone/views/default/view_post.html: 0
[2016-03-03 01:34:24] EDIT reddit_clone/models/db1.py: 0
[2016-03-03 01:34:35] EDIT reddit_clone/models/db1.py: 0
[2016-03-03 01:35:11] EDIT reddit_clone/models/db1.py: 0
[2016-03-03 01:41:02] EDIT reddit_clone/views/default/view_post.html: 0
[2016-03-03 01:41:22] EDIT reddit_clone/views/default/view_post.html: 0
[2016-03-03 01:41:59] EDIT reddit_clone/models/db1.py: 0
[2016-03-03 01:43:05] EDIT reddit_clone/views/default/view_post.html: -5
[2016-03-03 01:44:06] EDIT reddit_clone/views/default/view_post.html: 5
[2016-03-03 01:45:01] EDIT reddit_clone/views/default/view_post.html: 0
[2016-03-03 01:45:50] EDIT reddit_clone/views/default/view_post.html: 0
[2016-03-03 01:46:17] EDIT reddit_clone/views/default/view_post.html: 0
[2016-03-03 01:46:37] EDIT reddit_clone/models/db1.py: 0
[2016-03-03 01:47:19] EDIT reddit_clone/models/db1.py: 0
[2016-03-03 01:47:48] EDIT reddit_clone/views/default/view_post.html: -1
[2016-03-03 01:51:18] EDIT reddit_clone/controllers/default.py: 1
[2016-03-03 01:55:50] EDIT reddit_clone/views/default/list_posts_by_votes.html: 7
[2016-03-03 01:56:55] EDIT reddit_clone/views/default/list_posts_by_votes.html: 0
[2016-03-03 01:58:16] EDIT reddit_clone/views/default/view_post.html: 0
[2016-03-03 01:58:34] EDIT reddit_clone/views/default/view_post.html: 0
[2016-03-03 02:02:15] EDIT reddit_clone/models/db1.py: 0
[2016-03-03 02:03:13] EDIT reddit_clone/views/default/view_post.html: 1
[2016-03-03 02:04:03] EDIT reddit_clone/views/default/view_post.html: 0
[2016-03-03 02:04:44] EDIT reddit_clone/views/default/list_posts_by_votes.html: 0
[2016-03-03 02:08:29] EDIT reddit_clone/views/default/list_posts_by_votes.html: -1
[2016-03-03 02:08:50] EDIT reddit_clone/views/default/list_posts_by_votes.html: 1
[2016-03-03 02:09:15] EDIT reddit_clone/views/default/view_post.html: -1
[2016-03-03 02:13:04] EDIT reddit_clone/models/db1.py: -7
[2016-03-03 02:13:29] EDIT reddit_clone/models/db1.py: 7
[2016-03-03 02:14:53] EDIT reddit_clone/models/db1.py: 0
[2016-03-03 02:15:32] EDIT reddit_clone/models/db1.py: 0
[2016-03-03 02:21:17] EDIT reddit_clone/views/default/index.html: -44
[2016-03-03 02:21:30] EDIT reddit_clone/views/default/index.html: 0
[2016-03-03 02:21:47] EDIT reddit_clone/views/default/index.html: 1
[2016-03-03 02:22:20] EDIT reddit_clone/views/default/index.html: 0
[2016-03-03 02:23:47] EDIT reddit_clone/views/default/index.html: 0
[2016-03-03 02:23:55] EDIT reddit_clone/views/default/index.html: 0
[2016-03-03 02:30:20] EDIT reddit_clone/views/default/view_post.html: 2
[2016-03-03 02:30:59] EDIT reddit_clone/views/default/view_post.html: 1
[2016-03-03 02:32:45] EDIT reddit_clone/views/default/view_post.html: 0
[2016-03-03 02:32:53] EDIT reddit_clone/views/default/view_post.html: 0
[2016-03-03 02:33:51] EDIT reddit_clone/views/default/view_post.html: -2
[2016-03-03 02:34:39] EDIT reddit_clone/views/default/view_post.html: 1
[2016-03-03 02:34:48] EDIT reddit_clone/views/default/view_post.html: -1
[2016-03-03 02:41:21] EDIT reddit_clone/views/default/view_post.html: 0
[2016-03-03 02:42:14] EDIT reddit_clone/views/default/view_post.html: 2
[2016-03-03 02:44:44] EDIT reddit_clone/controllers/default.py: 4
[2016-03-03 02:45:14] EDIT reddit_clone/views/default/view_post.html: 1
[2016-03-03 02:49:42] EDIT reddit_clone/controllers/default.py: 0
[2016-03-03 02:53:55] EDIT reddit_clone/controllers/default.py: 0
[2016-03-03 02:55:23] EDIT reddit_clone/views/default/list_posts_by_votes.html: 0
[2016-03-03 02:55:54] EDIT reddit_clone/views/default/list_posts_by_votes.html: 0
[2016-03-03 02:56:18] EDIT reddit_clone/views/default/list_posts_by_votes.html: 0
[2016-03-03 02:56:28] EDIT reddit_clone/views/default/list_posts_by_votes.html: 0
[2016-03-03 02:56:35] EDIT reddit_clone/views/default/list_posts_by_votes.html: 0
[2016-03-03 02:58:29] EDIT reddit_clone/views/default/view_post.html: -1
[2016-03-03 02:58:54] EDIT reddit_clone/views/default/view_post.html: 0
[2016-03-03 02:59:00] EDIT reddit_clone/views/default/view_post.html: 0
[2016-03-03 02:59:15] EDIT reddit_clone/views/default/view_post.html: -1
[2016-03-03 02:59:46] EDIT reddit_clone/views/default/view_post.html: 2
[2016-03-03 03:01:31] CREATE default/create_post.html: 0
[2016-03-03 03:03:21] EDIT reddit_clone/views/default/create_post.html: 5
[2016-03-03 03:04:07] CREATE default/edit_post.html: 0
[2016-03-03 03:04:27] EDIT reddit_clone/views/default/edit_post.html: 5
[2016-03-03 03:05:17] EDIT reddit_clone/views/default/edit_post.html: 0
[2016-03-03 03:06:16] EDIT reddit_clone/controllers/default.py: 0
[2016-03-03 03:09:04] EDIT reddit_clone/views/default/view_post.html: -2
[2016-03-03 03:09:19] EDIT reddit_clone/views/default/view_post.html: 0
[2016-03-03 03:11:42] EDIT reddit_clone/views/default/view_post.html: 1
[2016-03-03 03:12:53] EDIT reddit_clone/views/default/view_post.html: 0
[2016-03-03 03:15:37] EDIT reddit_clone/controllers/default.py: 1
[2016-03-03 03:16:13] EDIT reddit_clone/views/default/view_post.html: -1
[2016-03-03 03:17:46] EDIT reddit_clone/controllers/default.py: 2
[2016-03-03 03:18:21] EDIT reddit_clone/controllers/default.py: 0
[2016-03-03 03:18:55] EDIT reddit_clone/models/db1.py: 0
[2016-03-03 03:19:26] EDIT reddit_clone/models/db1.py: 0
[2016-03-03 03:19:51] EDIT reddit_clone/controllers/default.py: 0
[2016-03-03 03:20:10] EDIT reddit_clone/models/db1.py: 0
[2016-03-03 03:20:16] EDIT reddit_clone/models/db1.py: 0
[2016-03-03 03:20:25] EDIT reddit_clone/models/db1.py: 0
[2016-03-03 03:20:27] EDIT reddit_clone/models/db1.py: 0
[2016-03-03 03:21:47] EDIT reddit_clone/models/db1.py: 1
[2016-03-03 03:31:07] EDIT reddit_clone/controllers/default.py: 1
[2016-03-03 03:31:59] EDIT reddit_clone/controllers/default.py: 0
[2016-03-03 03:32:26] EDIT reddit_clone/controllers/default.py: 0
[2016-03-03 03:32:31] EDIT reddit_clone/controllers/default.py: 0
[2016-03-03 03:32:46] EDIT reddit_clone/controllers/default.py: 0
[2016-03-03 03:33:08] EDIT reddit_clone/controllers/default.py: 0
[2016-03-03 03:34:21] EDIT reddit_clone/controllers/default.py: 0
[2016-03-03 03:36:41] EDIT reddit_clone/controllers/default.py: -1
[2016-03-03 03:36:56] EDIT reddit_clone/controllers/default.py: 1
[2016-03-03 03:38:49] EDIT reddit_clone/controllers/default.py: 0
[2016-03-03 03:38:54] EDIT reddit_clone/controllers/default.py: -1
[2016-03-03 03:40:03] EDIT reddit_clone/controllers/default.py: -4
[2016-03-03 03:40:43] EDIT reddit_clone/controllers/default.py: 1
[2016-03-03 03:40:59] EDIT reddit_clone/controllers/default.py: 0
[2016-03-03 03:41:27] EDIT reddit_clone/views/default/view_post.html: -1
[2016-03-03 03:41:57] EDIT reddit_clone/views/default/view_post.html: 2
[2016-03-03 03:42:02] EDIT reddit_clone/views/default/view_post.html: -1
[2016-03-03 03:43:27] EDIT reddit_clone/controllers/default.py: 0
[2016-03-03 03:43:59] EDIT reddit_clone/controllers/default.py: 0
[2016-03-03 03:45:58] EDIT reddit_clone/controllers/default.py: 0
[2016-03-03 03:47:07] EDIT reddit_clone/views/default/view_post.html: 0
[2016-03-03 03:48:20] EDIT reddit_clone/models/db1.py: 0
[2016-03-03 03:49:36] EDIT reddit_clone/views/default/view_post.html: 1
[2016-03-03 03:50:20] EDIT reddit_clone/controllers/default.py: 1
[2016-03-03 03:51:20] EDIT reddit_clone/controllers/default.py: 1
[2016-03-03 03:51:37] EDIT reddit_clone/controllers/default.py: 0
[2016-03-03 03:52:12] EDIT reddit_clone/models/db1.py: 0
[2016-03-03 03:54:14] EDIT reddit_clone/controllers/default.py: 1
[2016-03-03 03:54:58] EDIT reddit_clone/controllers/default.py: 0
[2016-03-03 03:55:34] EDIT reddit_clone/controllers/default.py: 1
[2016-03-03 03:56:57] EDIT reddit_clone/controllers/default.py: 1
[2016-03-04 23:10:03] EDIT Backend_for_Complaints/views/default/view_post.html: 0
[2016-03-04 23:15:06] EDIT Backend_for_Complaints/views/default/list_posts_by_votes.html: 0
[2016-03-04 23:15:21] EDIT Backend_for_Complaints/views/default/list_posts_by_votes.html: 0
[2016-03-04 23:15:33] EDIT Backend_for_Complaints/views/default/list_posts_by_votes.html: 0
[2016-03-04 23:16:09] EDIT Backend_for_Complaints/views/default/list_posts_by_votes.html: 0
[2016-03-04 23:16:48] EDIT Backend_for_Complaints/views/default/list_posts_by_votes.html: 0
[2016-03-04 23:17:11] EDIT Backend_for_Complaints/views/default/list_posts_by_votes.html: 0
[2016-03-04 23:17:50] EDIT Backend_for_Complaints/views/default/list_posts_by_votes.html: 0
[2016-03-04 23:18:13] EDIT Backend_for_Complaints/views/default/list_posts_by_votes.html: 0
[2016-03-04 23:18:19] EDIT Backend_for_Complaints/views/default/list_posts_by_votes.html: 0
[2016-03-04 23:18:38] EDIT Backend_for_Complaints/views/default/list_posts_by_votes.html: 0
[2016-03-04 23:19:30] EDIT Backend_for_Complaints/views/default/list_posts_by_votes.html: 0
[2016-03-04 23:19:56] EDIT Backend_for_Complaints/views/default/list_posts_by_votes.html: 0
[2016-03-04 23:20:14] EDIT Backend_for_Complaints/views/default/list_posts_by_votes.html: 0
[2016-03-04 23:20:53] EDIT Backend_for_Complaints/views/default/list_posts_by_votes.html: 0
[2016-03-04 23:21:48] EDIT Backend_for_Complaints/views/default/list_posts_by_votes.html: 0
[2016-03-04 23:22:01] EDIT Backend_for_Complaints/views/default/list_posts_by_votes.html: 0
[2016-03-04 23:22:09] EDIT Backend_for_Complaints/views/default/list_posts_by_votes.html: 0
[2016-03-04 23:22:38] EDIT Backend_for_Complaints/views/default/list_posts_by_votes.html: 0
[2016-03-05 00:02:11] EDIT Backend_for_Complaints/views/default/list_posts_by_votes.html: 0
[2016-03-05 00:12:10] EDIT Backend_for_Complaints/controllers/default.py: 0
[2016-03-05 00:13:21] EDIT Backend_for_Complaints/controllers/default.py: 1
[2016-03-05 00:13:35] EDIT Backend_for_Complaints/controllers/default.py: 1
[2016-03-05 00:15:56] EDIT Backend_for_Complaints/controllers/default.py: 3
[2016-03-05 00:16:07] EDIT Backend_for_Complaints/controllers/default.py: 0
[2016-03-05 00:17:44] EDIT Backend_for_Complaints/controllers/default.py: 0
[2016-03-05 00:18:39] EDIT Backend_for_Complaints/controllers/default.py: 0
[2016-03-05 00:20:08] EDIT Backend_for_Complaints/controllers/default.py: 4
[2016-03-05 00:24:35] EDIT Backend_for_Complaints/controllers/default.py: -9
[2016-03-05 00:24:59] EDIT Backend_for_Complaints/views/default/view_post.html: -1
[2016-03-05 00:25:22] EDIT Backend_for_Complaints/views/default/list_posts_by_votes.html: -1
[2016-03-05 00:28:00] EDIT Backend_for_Complaints/controllers/default.py: 0
[2016-03-05 00:28:03] EDIT Backend_for_Complaints/controllers/default.py: 0
[2016-03-05 00:28:05] EDIT Backend_for_Complaints/controllers/default.py: 0
[2016-03-05 00:30:08] EDIT Backend_for_Complaints/views/default/view_post.html: 0
[2016-03-05 00:30:59] EDIT Backend_for_Complaints/views/default/view_post.html: 2
[2016-03-05 00:31:59] EDIT Backend_for_Complaints/views/default/view_post.html: 0
[2016-03-05 00:33:14] EDIT Backend_for_Complaints/views/default/view_post.html: 2
[2016-03-05 00:33:56] EDIT Backend_for_Complaints/views/default/view_post.html: 0
[2016-03-05 00:34:03] EDIT Backend_for_Complaints/views/default/view_post.html: 0
[2016-03-05 00:34:13] EDIT Backend_for_Complaints/views/default/view_post.html: 0
[2016-03-05 00:40:30] EDIT Backend_for_Complaints/controllers/default.py: 5
[2016-03-05 00:42:45] EDIT Backend_for_Complaints/controllers/default.py: 0
[2016-03-05 00:45:51] EDIT Backend_for_Complaints/views/default/list_posts_by_votes.html: 0
[2016-03-05 00:47:00] EDIT Backend_for_Complaints/views/default/list_posts_by_votes.html: 0
[2016-03-05 00:48:21] EDIT Backend_for_Complaints/views/default/list_posts_by_votes.html: 0
[2016-03-05 00:49:21] EDIT Backend_for_Complaints/views/default/list_posts_by_votes.html: 0
[2016-03-05 00:51:30] EDIT Backend_for_Complaints/views/default/list_posts_by_votes.html: 0
[2016-03-05 00:52:11] EDIT Backend_for_Complaints/views/default/list_posts_by_votes.html: 0
[2016-03-05 00:52:25] EDIT Backend_for_Complaints/views/default/list_posts_by_votes.html: 0
[2016-03-05 00:52:44] EDIT Backend_for_Complaints/views/default/list_posts_by_votes.html: 0
[2016-03-05 00:53:37] EDIT Backend_for_Complaints/views/default/list_posts_by_votes.html: 0
[2016-03-05 00:53:51] EDIT Backend_for_Complaints/views/default/list_posts_by_votes.html: 0
[2016-03-05 00:54:03] EDIT Backend_for_Complaints/views/default/list_posts_by_votes.html: 0
[2016-03-05 00:54:29] EDIT Backend_for_Complaints/views/default/list_posts_by_votes.html: 0
[2016-03-05 00:54:41] EDIT Backend_for_Complaints/views/default/list_posts_by_votes.html: 0
[2016-03-05 00:54:57] EDIT Backend_for_Complaints/views/default/list_posts_by_votes.html: 0
[2016-03-05 00:55:29] EDIT Backend_for_Complaints/views/default/list_posts_by_votes.html: -1
[2016-03-05 00:56:32] EDIT Backend_for_Complaints/views/default/list_posts_by_votes.html: 0
[2016-03-05 00:57:13] EDIT Backend_for_Complaints/views/default/list_posts_by_votes.html: -1
[2016-03-05 00:57:37] EDIT Backend_for_Complaints/views/default/list_posts_by_votes.html: 0
[2016-03-05 00:59:23] EDIT Backend_for_Complaints/views/default/list_posts_by_votes.html: 0
[2016-03-05 01:00:05] EDIT Backend_for_Complaints/views/default/list_posts_by_votes.html: 0
[2016-03-05 01:04:33] EDIT Backend_for_Complaints/views/default/list_posts_by_votes.html: 9
[2016-03-05 01:04:52] EDIT Backend_for_Complaints/views/default/list_posts_by_votes.html: 0
[2016-03-05 01:15:47] EDIT Backend_for_Complaints/views/default/list_posts_by_votes.html: 1
[2016-03-05 01:16:10] EDIT Backend_for_Complaints/views/default/list_posts_by_votes.html: 0
[2016-03-05 01:16:48] EDIT Backend_for_Complaints/controllers/default.py: 0
[2016-03-05 01:21:12] EDIT Backend_for_Complaints/views/default/list_posts_by_votes.html: 0
[2016-03-05 01:21:13] EDIT Backend_for_Complaints/views/default/list_posts_by_votes.html: 0
[2016-03-05 01:22:16] EDIT Backend_for_Complaints/views/default/list_posts_by_votes.html: 0
[2016-03-05 01:24:06] EDIT Backend_for_Complaints/views/default/list_posts_by_votes.html: 0
[2016-03-05 01:25:26] EDIT Backend_for_Complaints/controllers/default.py: 0
[2016-03-05 01:30:09] EDIT Backend_for_Complaints/views/default/list_posts_by_votes.html: 0
[2016-03-05 01:32:59] EDIT Backend_for_Complaints/views/default/list_posts_by_votes.html: 0
[2016-03-05 01:35:12] EDIT Backend_for_Complaints/controllers/default.py: 0
[2016-03-05 01:47:00] EDIT Backend_for_Complaints/views/default/list_posts_by_votes.html: 0
[2016-03-05 01:47:34] EDIT Backend_for_Complaints/controllers/default.py: 0
[2016-03-05 01:50:35] EDIT Backend_for_Complaints/controllers/default.py: 0
[2016-03-05 01:50:38] EDIT Backend_for_Complaints/views/default/list_posts_by_votes.html: 0
[2016-03-05 01:55:35] EDIT Backend_for_Complaints/controllers/default.py: 2
[2016-03-05 01:56:52] EDIT Backend_for_Complaints/views/default/list_posts_by_votes.html: 0
[2016-03-05 02:13:17] EDIT Backend_for_Complaints/views/default/list_posts_by_votes.html: 0
[2016-03-05 02:13:29] EDIT Backend_for_Complaints/controllers/default.py: 0
[2016-03-05 03:13:46] EDIT Backend_for_Complaints/views/default/list_posts_by_votes.html: 0
[2016-03-05 03:13:58] EDIT Backend_for_Complaints/controllers/default.py: 0
[2016-03-05 03:31:44] EDIT Backend_for_Complaints/views/default/list_posts_by_votes.html: -1
[2016-03-05 03:32:57] EDIT Backend_for_Complaints/views/default/list_posts_by_votes.html: 0
[2016-03-05 03:35:55] EDIT Backend_for_Complaints/views/default/list_posts_by_votes.html: 1
[2016-03-05 03:36:19] EDIT Backend_for_Complaints/views/default/list_posts_by_votes.html: 0
[2016-03-05 03:38:46] EDIT Backend_for_Complaints/views/default/list_posts_by_votes.html: 0
[2016-03-05 03:39:14] EDIT Backend_for_Complaints/views/default/list_posts_by_votes.html: 0
[2016-03-05 03:39:50] EDIT Backend_for_Complaints/views/default/list_posts_by_votes.html: 0
[2016-03-05 03:39:54] EDIT Backend_for_Complaints/models/db1.py: 0
[2016-03-05 03:39:56] EDIT Backend_for_Complaints/controllers/default.py: 0
[2016-03-05 03:46:37] EDIT Backend_for_Complaints/controllers/default.py: 6
[2016-03-05 03:46:55] EDIT Backend_for_Complaints/controllers/default.py: 0
[2016-03-05 03:48:55] EDIT Backend_for_Complaints/controllers/default.py: 0
[2016-03-05 03:48:57] EDIT Backend_for_Complaints/controllers/default.py: 0
[2016-03-05 03:48:58] EDIT Backend_for_Complaints/controllers/default.py: 0
[2016-03-05 03:49:09] EDIT Backend_for_Complaints/controllers/default.py: 0
[2016-03-05 03:52:10] EDIT Backend_for_Complaints/controllers/default.py: 0
[2016-03-05 03:53:04] EDIT Backend_for_Complaints/controllers/default.py: 0
[2016-03-05 03:53:07] EDIT Backend_for_Complaints/views/default/list_posts_by_votes.html: 0
[2016-03-05 04:00:00] EDIT Backend_for_Complaints/controllers/default.py: 0
[2016-03-05 04:00:20] EDIT Backend_for_Complaints/controllers/default.py: 0
[2016-03-05 04:00:27] EDIT Backend_for_Complaints/views/default/list_posts_by_votes.html: 0
[2016-03-07 13:03:46] EDIT Backend_for_Complaints/controllers/default.py: 0
[2016-03-07 13:08:02] EDIT Backend_for_Complaints/views/default/view_post.html: 4
[2016-03-07 13:11:20] EDIT Backend_for_Complaints/views/default/view_post.html: 0
[2016-03-07 13:13:49] EDIT Backend_for_Complaints/views/default/view_post.html: 10
[2016-03-07 13:17:46] EDIT Backend_for_Complaints/controllers/default.py: 13
[2016-03-07 13:18:05] EDIT Backend_for_Complaints/controllers/default.py: 0
[2016-03-07 13:18:46] EDIT Backend_for_Complaints/controllers/default.py: 0
[2016-03-07 13:20:20] EDIT Backend_for_Complaints/controllers/default.py: 0
[2016-03-07 13:38:54] EDIT Backend_for_Complaints/controllers/default.py: 0
[2016-03-07 13:43:05] EDIT Backend_for_Complaints/controllers/default.py: 0
[2016-03-09 18:25:15] EDIT Backend_for_Complaints/models/db1.py: 0
[2016-03-26 09:17:51] CREATE api.py: 0
[2016-03-26 09:23:00] EDIT Backend_for_Complaints/controllers/api.py: 5
[2016-03-26 09:27:29] EDIT Backend_for_Complaints/controllers/api.py: 0
[2016-03-26 09:28:34] EDIT Backend_for_Complaints/controllers/api.py: 0
[2016-03-26 09:59:06] EDIT Backend_for_Complaints/controllers/api.py: 2
[2016-03-26 11:19:56] EDIT Backend_for_Complaints/controllers/api.py: 7
[2016-03-26 11:21:25] EDIT Backend_for_Complaints/controllers/api.py: 0
[2016-03-26 11:22:21] EDIT Backend_for_Complaints/controllers/api.py: 0
[2016-03-26 11:24:24] EDIT Backend_for_Complaints/controllers/api.py: 0
[2016-03-26 11:33:46] EDIT Backend_for_Complaints/controllers/api.py: 1
[2016-03-26 11:35:27] EDIT Backend_for_Complaints/controllers/api.py: 0
[2016-03-26 11:36:08] EDIT Backend_for_Complaints/controllers/api.py: 0
[2016-03-26 11:37:05] EDIT Backend_for_Complaints/controllers/api.py: 0
[2016-03-26 11:38:04] EDIT Backend_for_Complaints/controllers/api.py: 0
[2016-03-26 11:38:27] EDIT Backend_for_Complaints/controllers/api.py: 0
[2016-03-26 11:50:18] EDIT Backend_for_Complaints/controllers/api.py: 0
[2016-03-26 11:50:53] EDIT Backend_for_Complaints/controllers/api.py: 0
[2016-03-26 11:52:35] EDIT Backend_for_Complaints/controllers/api.py: 0
[2016-03-26 11:54:25] EDIT Backend_for_Complaints/controllers/api.py: 0
[2016-03-26 11:54:53] EDIT Backend_for_Complaints/controllers/api.py: 0
[2016-03-26 11:56:59] EDIT Backend_for_Complaints/models/db1.py: 0
[2016-03-26 11:57:04] EDIT Backend_for_Complaints/controllers/api.py: 0
[2016-03-26 11:59:34] EDIT Backend_for_Complaints/models/db1.py: 0
[2016-03-26 12:16:43] EDIT Backend_for_Complaints/models/db1.py: 1
[2016-03-26 12:16:51] EDIT Backend_for_Complaints/models/db1.py: 0
[2016-03-26 12:17:17] EDIT Backend_for_Complaints/models/db1.py: 0
[2016-03-26 12:18:50] EDIT Backend_for_Complaints/controllers/api.py: 0
[2016-03-26 12:36:34] EDIT Backend_for_Complaints/controllers/api.py: 6
[2016-03-26 12:36:50] EDIT Backend_for_Complaints/controllers/api.py: 0
[2016-03-26 12:36:55] EDIT Backend_for_Complaints/controllers/api.py: 0
[2016-03-26 12:38:58] EDIT Backend_for_Complaints/controllers/api.py: 1
[2016-03-26 12:39:00] EDIT Backend_for_Complaints/controllers/api.py: 0
[2016-03-26 12:39:06] EDIT Backend_for_Complaints/controllers/api.py: 0
[2016-03-26 12:40:36] EDIT Backend_for_Complaints/controllers/api.py: 1
[2016-03-26 21:52:07] EDIT Backend_for_Complaints/controllers/default.py: 20
[2016-03-26 21:53:50] EDIT Backend_for_Complaints/models/db.py: 23
[2016-03-26 21:58:38] EDIT Backend_for_Complaints/models/db.py: 0
[2016-03-26 21:59:04] EDIT Backend_for_Complaints/models/db.py: 0
[2016-03-26 22:02:32] EDIT Backend_for_Complaints/controllers/default.py: -11
[2016-03-26 22:02:39] EDIT Backend_for_Complaints/models/db.py: 0
[2016-03-26 22:02:42] EDIT Backend_for_Complaints/models/db1.py: 0
[2016-03-26 22:05:33] EDIT Backend_for_Complaints/controllers/default.py: 17
[2016-03-26 22:06:34] EDIT Backend_for_Complaints/controllers/default.py: 0
[2016-03-26 23:05:39] EDIT Backend_for_Complaints/controllers/default.py: 0
[2016-03-26 23:05:42] EDIT Backend_for_Complaints/controllers/api.py: 0
[2016-03-26 23:08:10] EDIT Backend_for_Complaints/models/db1.py: 0
[2016-03-26 23:22:07] EDIT Backend_for_Complaints/controllers/api.py: 3
[2016-03-26 23:40:51] EDIT Backend_for_Complaints/controllers/api.py: 2
[2016-03-26 23:41:55] EDIT Backend_for_Complaints/controllers/api.py: 0
[2016-03-26 23:44:01] EDIT Backend_for_Complaints/controllers/api.py: 1
[2016-03-26 23:44:09] EDIT Backend_for_Complaints/controllers/api.py: 0
[2016-03-26 23:45:40] EDIT Backend_for_Complaints/controllers/api.py: 0
[2016-03-26 23:46:07] EDIT Backend_for_Complaints/controllers/api.py: 0
[2016-03-26 23:49:03] EDIT Backend_for_Complaints/controllers/api.py: 0
[2016-03-26 23:50:26] EDIT Backend_for_Complaints/controllers/api.py: 1
[2016-03-26 23:50:36] EDIT Backend_for_Complaints/controllers/api.py: 0
[2016-03-26 23:54:04] EDIT Backend_for_Complaints/controllers/api.py: 2
[2016-03-26 23:55:13] EDIT Backend_for_Complaints/controllers/api.py: 0
[2016-03-26 23:56:45] EDIT Backend_for_Complaints/controllers/api.py: 0
[2016-03-26 23:56:48] EDIT Backend_for_Complaints/controllers/default.py: 0
[2016-03-26 23:56:56] EDIT Backend_for_Complaints/models/db1.py: 0
[2016-03-27 00:09:25] EDIT Backend_for_Complaints/controllers/api.py: 1
[2016-03-27 00:13:45] EDIT Backend_for_Complaints/models/db.py: -23
[2016-03-27 00:21:59] EDIT Backend_for_Complaints/controllers/api.py: 9
[2016-03-27 00:22:12] EDIT Backend_for_Complaints/controllers/api.py: 0
[2016-03-27 00:22:29] EDIT Backend_for_Complaints/controllers/api.py: 0
[2016-03-27 00:23:42] EDIT Backend_for_Complaints/controllers/api.py: 0
[2016-03-27 00:24:16] EDIT Backend_for_Complaints/controllers/api.py: 0
[2016-03-27 00:24:18] EDIT Backend_for_Complaints/controllers/api.py: 0
[2016-03-27 00:24:33] EDIT Backend_for_Complaints/controllers/api.py: 0
[2016-03-27 00:24:41] EDIT Backend_for_Complaints/controllers/api.py: 0
[2016-03-27 00:24:44] EDIT Backend_for_Complaints/controllers/api.py: 0
[2016-03-27 00:25:13] EDIT Backend_for_Complaints/controllers/api.py: 0
[2016-03-27 00:26:06] EDIT Backend_for_Complaints/controllers/api.py: 0
[2016-03-27 00:26:26] EDIT Backend_for_Complaints/controllers/api.py: 0
[2016-03-27 00:27:02] EDIT Backend_for_Complaints/controllers/api.py: 0
[2016-03-27 00:38:50] EDIT Backend_for_Complaints/controllers/api.py: 11
[2016-03-27 00:39:00] EDIT Backend_for_Complaints/controllers/api.py: 0
[2016-03-27 00:42:29] EDIT Backend_for_Complaints/controllers/api.py: 0
[2016-03-27 00:48:55] EDIT Backend_for_Complaints/controllers/api.py: 1
[2016-03-27 00:49:02] EDIT Backend_for_Complaints/controllers/api.py: 0
[2016-03-27 00:49:05] EDIT Backend_for_Complaints/controllers/api.py: 0
[2016-03-27 00:49:14] EDIT Backend_for_Complaints/controllers/api.py: 0
[2016-03-27 00:49:29] EDIT Backend_for_Complaints/controllers/api.py: 0
[2016-03-27 00:50:05] EDIT Backend_for_Complaints/controllers/api.py: -1
[2016-03-27 00:51:13] EDIT Backend_for_Complaints/models/db1.py: 0
[2016-03-27 00:52:03] EDIT Backend_for_Complaints/controllers/api.py: 0
[2016-03-27 00:53:05] EDIT Backend_for_Complaints/controllers/api.py: 0
[2016-03-27 00:54:03] EDIT Backend_for_Complaints/controllers/api.py: 0
[2016-03-27 00:58:53] EDIT Backend_for_Complaints/controllers/api.py: 0
[2016-03-27 00:59:03] EDIT Backend_for_Complaints/controllers/api.py: 0
[2016-03-27 00:59:26] EDIT Backend_for_Complaints/controllers/api.py: 0
[2016-03-27 01:01:20] EDIT Backend_for_Complaints/controllers/api.py: 0
[2016-03-27 01:01:23] EDIT Backend_for_Complaints/controllers/api.py: 0
[2016-03-27 01:01:49] EDIT Backend_for_Complaints/controllers/api.py: 0
[2016-03-27 12:53:24] EDIT Backend_for_Complaints/models/db1.py: 14
[2016-03-27 12:55:38] EDIT Backend_for_Complaints/controllers/api.py: 0
[2016-03-27 12:57:08] EDIT Backend_for_Complaints/models/db1.py: 0
[2016-03-27 12:59:09] EDIT Backend_for_Complaints/models/db1.py: 0
[2016-03-27 13:11:08] EDIT Backend_for_Complaints/controllers/default.py: 10
[2016-03-27 13:22:52] EDIT Backend_for_Complaints/models/db1.py: -13
[2016-03-27 13:24:08] EDIT Backend_for_Complaints/models/db.py: 22
[2016-03-27 13:27:05] EDIT Backend_for_Complaints/models/db1.py: 0
[2016-03-27 13:27:21] EDIT Backend_for_Complaints/controllers/api.py: 1
[2016-03-27 13:29:24] EDIT Backend_for_Complaints/controllers/api.py: 0
[2016-03-27 13:30:36] EDIT Backend_for_Complaints/controllers/api.py: 0
[2016-03-27 13:33:18] EDIT Backend_for_Complaints/models/db1.py: 0
[2016-03-27 13:43:15] EDIT Backend_for_Complaints/controllers/api.py: 0
[2016-03-27 13:45:39] EDIT Backend_for_Complaints/controllers/api.py: 0
[2016-03-27 13:48:48] EDIT Backend_for_Complaints/models/db1.py: 0
[2016-03-27 13:48:57] EDIT Backend_for_Complaints/controllers/api.py: 0
[2016-03-27 13:49:56] EDIT Backend_for_Complaints/controllers/default.py: 0
[2016-03-27 13:55:51] EDIT Backend_for_Complaints/models/db1.py: 0
[2016-03-27 13:57:07] EDIT Backend_for_Complaints/controllers/api.py: 0
[2016-03-27 13:57:38] EDIT Backend_for_Complaints/models/db1.py: 0
[2016-03-27 14:01:03] EDIT Backend_for_Complaints/controllers/api.py: 0
[2016-03-27 14:03:32] EDIT Backend_for_Complaints/models/db1.py: 0
[2016-03-27 14:03:38] EDIT Backend_for_Complaints/models/db1.py: 0
[2016-03-27 14:07:39] EDIT Backend_for_Complaints/controllers/api.py: 0
[2016-03-27 14:07:51] EDIT Backend_for_Complaints/controllers/api.py: 0
[2016-03-27 14:11:04] EDIT Backend_for_Complaints/models/db1.py: 0
[2016-03-27 14:12:20] EDIT Backend_for_Complaints/controllers/default.py: 1
[2016-03-27 14:12:47] EDIT Backend_for_Complaints/controllers/api.py: 0
[2016-03-27 14:13:31] EDIT Backend_for_Complaints/controllers/default.py: 12
[2016-03-27 14:13:44] EDIT Backend_for_Complaints/controllers/default.py: 0
[2016-03-27 14:14:36] EDIT Backend_for_Complaints/controllers/default.py: 1
[2016-03-27 14:14:39] EDIT Backend_for_Complaints/controllers/default.py: 0
[2016-03-27 14:16:17] EDIT Backend_for_Complaints/controllers/default.py: -14
[2016-03-27 14:17:16] EDIT Backend_for_Complaints/controllers/api.py: 0
[2016-03-27 14:18:44] EDIT Backend_for_Complaints/controllers/api.py: 0
[2016-03-27 14:19:20] EDIT Backend_for_Complaints/controllers/api.py: 1
[2016-03-27 14:19:36] EDIT Backend_for_Complaints/controllers/api.py: 0
[2016-03-27 14:21:36] EDIT Backend_for_Complaints/controllers/api.py: 1
[2016-03-27 14:23:12] EDIT Backend_for_Complaints/controllers/api.py: 1
[2016-03-27 14:24:46] EDIT Backend_for_Complaints/controllers/api.py: -1
[2016-03-27 14:25:19] EDIT Backend_for_Complaints/controllers/api.py: 0
[2016-03-27 14:25:24] EDIT Backend_for_Complaints/controllers/api.py: 0
[2016-03-27 14:25:49] EDIT Backend_for_Complaints/controllers/api.py: 0
[2016-03-27 14:26:28] EDIT Backend_for_Complaints/controllers/api.py: 0
[2016-03-27 14:27:59] EDIT Backend_for_Complaints/controllers/api.py: 0
[2016-03-27 14:28:09] EDIT Backend_for_Complaints/controllers/api.py: 0
[2016-03-27 14:28:21] EDIT Backend_for_Complaints/controllers/api.py: 0
[2016-03-27 14:28:38] EDIT Backend_for_Complaints/controllers/api.py: 0
[2016-03-27 14:28:51] EDIT Backend_for_Complaints/controllers/api.py: 0
[2016-03-27 14:29:18] EDIT Backend_for_Complaints/controllers/api.py: 0
[2016-03-27 14:29:20] EDIT Backend_for_Complaints/controllers/api.py: 0
[2016-03-27 14:29:38] EDIT Backend_for_Complaints/models/db1.py: 0
[2016-03-27 14:30:40] EDIT Backend_for_Complaints/controllers/api.py: 0
[2016-03-27 14:30:44] EDIT Backend_for_Complaints/models/db1.py: 0
[2016-03-27 14:34:35] EDIT Backend_for_Complaints/models/db1.py: 0
[2016-03-27 14:34:44] EDIT Backend_for_Complaints/models/db1.py: 1
[2016-03-27 14:35:04] EDIT Backend_for_Complaints/models/db1.py: 0
[2016-03-27 14:35:10] EDIT Backend_for_Complaints/models/db1.py: 0
[2016-03-27 14:37:12] EDIT Backend_for_Complaints/controllers/api.py: -1
[2016-03-27 14:44:41] EDIT Backend_for_Complaints/controllers/api.py: 0
[2016-03-27 14:45:14] EDIT Backend_for_Complaints/models/db1.py: 0
[2016-03-27 14:45:56] EDIT Backend_for_Complaints/controllers/api.py: 0
[2016-03-27 14:47:02] EDIT Backend_for_Complaints/controllers/api.py: -1
[2016-03-27 14:47:19] EDIT Backend_for_Complaints/models/db1.py: 0
[2016-03-27 14:48:12] EDIT Backend_for_Complaints/controllers/api.py: 0
[2016-03-27 14:48:42] EDIT Backend_for_Complaints/controllers/api.py: 0
[2016-03-27 14:51:03] EDIT Backend_for_Complaints/controllers/api.py: -6
[2016-03-27 14:51:34] EDIT Backend_for_Complaints/controllers/api.py: 0
[2016-03-27 14:52:09] EDIT Backend_for_Complaints/controllers/api.py: 2
[2016-03-27 14:52:21] EDIT Backend_for_Complaints/controllers/api.py: 0
[2016-03-27 14:53:43] EDIT Backend_for_Complaints/controllers/api.py: 3
[2016-03-27 14:53:55] EDIT Backend_for_Complaints/controllers/api.py: 0
[2016-03-27 14:54:03] EDIT Backend_for_Complaints/controllers/api.py: 0
[2016-03-27 14:55:33] EDIT Backend_for_Complaints/models/db.py: 11
[2016-03-27 14:56:56] EDIT Backend_for_Complaints/models/db.py: -11
[2016-03-27 14:57:03] EDIT Backend_for_Complaints/models/db.py: 11
[2016-03-27 14:57:08] EDIT Backend_for_Complaints/models/db1.py: -11
[2016-03-27 14:57:39] EDIT Backend_for_Complaints/controllers/api.py: 0
[2016-03-27 14:58:04] EDIT Backend_for_Complaints/controllers/api.py: 0
[2016-03-27 14:58:29] EDIT Backend_for_Complaints/controllers/api.py: 0
[2016-03-27 14:59:00] EDIT Backend_for_Complaints/controllers/api.py: 0
[2016-03-27 15:01:22] EDIT Backend_for_Complaints/models/db.py: -11
[2016-03-27 15:01:30] EDIT Backend_for_Complaints/models/db1.py: 11
[2016-03-27 15:02:23] EDIT Backend_for_Complaints/controllers/api.py: 0
[2016-03-27 15:03:12] EDIT Backend_for_Complaints/models/db1.py: 0
[2016-03-27 15:03:28] EDIT Backend_for_Complaints/controllers/api.py: 0
[2016-03-27 15:04:05] EDIT Backend_for_Complaints/controllers/api.py: 0
[2016-03-27 15:09:10] EDIT Backend_for_Complaints/models/db1.py: 0
[2016-03-27 15:10:44] EDIT Backend_for_Complaints/controllers/api.py: 0
[2016-03-27 15:11:31] EDIT Backend_for_Complaints/controllers/api.py: 0
[2016-03-27 15:12:01] EDIT Backend_for_Complaints/controllers/api.py: 0
[2016-03-27 15:12:18] EDIT Backend_for_Complaints/controllers/api.py: 0
[2016-03-27 15:13:23] EDIT Backend_for_Complaints/controllers/api.py: 0
[2016-03-27 15:13:42] EDIT Backend_for_Complaints/controllers/api.py: 0
[2016-03-27 15:14:08] EDIT Backend_for_Complaints/controllers/api.py: 0
[2016-03-27 15:15:21] EDIT Backend_for_Complaints/controllers/api.py: 0
[2016-03-27 15:18:57] EDIT Backend_for_Complaints/models/db1.py: 0
[2016-03-27 15:28:11] EDIT Backend_for_Complaints/models/db1.py: 8
[2016-03-27 15:28:28] EDIT Backend_for_Complaints/models/db1.py: 0
[2016-03-27 15:32:17] EDIT Backend_for_Complaints/models/db.py: 1
[2016-03-27 15:33:47] EDIT Backend_for_Complaints/models/db1.py: 0
[2016-03-27 15:36:02] EDIT Backend_for_Complaints/models/db1.py: 1
[2016-03-27 15:36:08] EDIT Backend_for_Complaints/models/db1.py: 1
[2016-03-27 15:41:34] EDIT Backend_for_Complaints/models/db1.py: 0
[2016-03-27 15:41:53] EDIT Backend_for_Complaints/models/db1.py: -1
[2016-03-27 15:45:10] EDIT Backend_for_Complaints/models/db1.py: 0
[2016-03-27 15:50:19] EDIT Backend_for_Complaints/controllers/api.py: 6
[2016-03-27 15:50:22] EDIT Backend_for_Complaints/controllers/api.py: 0
[2016-03-27 15:51:57] EDIT Backend_for_Complaints/controllers/api.py: 1
[2016-03-27 15:52:13] EDIT Backend_for_Complaints/controllers/api.py: 0
[2016-03-27 15:53:06] EDIT Backend_for_Complaints/controllers/api.py: 0
[2016-03-27 15:53:26] EDIT Backend_for_Complaints/controllers/api.py: 0
[2016-03-27 15:53:36] EDIT Backend_for_Complaints/controllers/api.py: 0
[2016-03-27 15:58:15] EDIT Backend_for_Complaints/controllers/api.py: 7
[2016-03-27 16:04:51] EDIT Backend_for_Complaints/controllers/api.py: 0
[2016-03-27 16:05:59] EDIT Backend_for_Complaints/controllers/api.py: 1
[2016-03-27 16:06:16] EDIT Backend_for_Complaints/controllers/api.py: -1
[2016-03-27 16:07:38] EDIT Backend_for_Complaints/controllers/api.py: 0
[2016-03-27 16:08:03] EDIT Backend_for_Complaints/controllers/api.py: 0
[2016-03-27 16:08:05] EDIT Backend_for_Complaints/controllers/api.py: 0
[2016-03-27 16:08:40] EDIT Backend_for_Complaints/controllers/api.py: 0
[2016-03-27 16:09:57] EDIT Backend_for_Complaints/controllers/api.py: 0
[2016-03-27 16:10:56] EDIT Backend_for_Complaints/controllers/api.py: -2
[2016-03-27 16:14:24] EDIT Backend_for_Complaints/controllers/api.py: 1
[2016-03-27 16:14:32] EDIT Backend_for_Complaints/controllers/api.py: 0
[2016-03-27 16:16:35] EDIT Backend_for_Complaints/controllers/api.py: 3
[2016-03-27 16:17:09] EDIT Backend_for_Complaints/controllers/api.py: 2
[2016-03-27 16:17:15] EDIT Backend_for_Complaints/controllers/api.py: 0
[2016-03-27 16:17:19] EDIT Backend_for_Complaints/controllers/api.py: 0
[2016-03-27 16:17:22] EDIT Backend_for_Complaints/controllers/api.py: 0
[2016-03-27 16:17:42] EDIT Backend_for_Complaints/controllers/api.py: 0
[2016-03-27 16:17:56] EDIT Backend_for_Complaints/controllers/api.py: 0
[2016-03-27 16:23:55] EDIT Backend_for_Complaints/controllers/api.py: 0
[2016-03-27 16:24:20] EDIT Backend_for_Complaints/controllers/api.py: 0
[2016-03-27 16:25:31] EDIT Backend_for_Complaints/controllers/api.py: 0
[2016-03-27 16:30:37] EDIT Backend_for_Complaints/controllers/api.py: -1
[2016-03-27 16:31:03] EDIT Backend_for_Complaints/controllers/api.py: 1
[2016-03-27 16:33:34] EDIT Backend_for_Complaints/controllers/api.py: 0
[2016-03-27 16:33:43] EDIT Backend_for_Complaints/controllers/api.py: 0
[2016-03-27 16:34:04] EDIT Backend_for_Complaints/controllers/api.py: 0
[2016-03-27 16:34:23] EDIT Backend_for_Complaints/controllers/api.py: 0
[2016-03-27 16:35:51] EDIT Backend_for_Complaints/controllers/api.py: 0
[2016-03-27 16:38:19] EDIT Backend_for_Complaints/controllers/api.py: 0
[2016-03-27 16:45:39] EDIT Backend_for_Complaints/controllers/api.py: 0
[2016-03-27 16:45:54] EDIT Backend_for_Complaints/controllers/api.py: 0
[2016-03-27 16:46:36] EDIT Backend_for_Complaints/controllers/api.py: 0
[2016-03-27 16:49:35] EDIT Backend_for_Complaints/controllers/api.py: 1
[2016-03-27 16:50:07] EDIT Backend_for_Complaints/controllers/api.py: -4
[2016-03-27 16:50:28] EDIT Backend_for_Complaints/controllers/api.py: 0
[2016-03-27 16:55:03] EDIT Backend_for_Complaints/controllers/api.py: 7
[2016-03-27 16:55:08] EDIT Backend_for_Complaints/controllers/api.py: 0
[2016-03-27 16:55:35] EDIT Backend_for_Complaints/controllers/api.py: 1
[2016-03-27 16:57:23] EDIT Backend_for_Complaints/controllers/api.py: 0
[2016-03-27 16:57:43] EDIT Backend_for_Complaints/controllers/api.py: 0
[2016-03-27 16:58:01] EDIT Backend_for_Complaints/controllers/api.py: 0
[2016-03-27 16:58:19] EDIT Backend_for_Complaints/controllers/api.py: 0
[2016-03-27 16:59:01] EDIT Backend_for_Complaints/controllers/api.py: 1
[2016-03-27 16:59:15] EDIT Backend_for_Complaints/controllers/api.py: 0
[2016-03-27 17:00:29] EDIT Backend_for_Complaints/controllers/api.py: 0
[2016-03-27 17:01:00] EDIT Backend_for_Complaints/controllers/api.py: 0
[2016-03-27 17:01:30] EDIT Backend_for_Complaints/controllers/api.py: -1
[2016-03-27 17:03:03] EDIT Backend_for_Complaints/controllers/api.py: 0
[2016-03-27 17:22:24] EDIT Backend_for_Complaints/controllers/api.py: 0
[2016-03-27 17:22:33] EDIT Backend_for_Complaints/models/db1.py: 0
[2016-03-27 17:25:02] EDIT Backend_for_Complaints/models/db1.py: 2
[2016-03-27 17:25:35] EDIT Backend_for_Complaints/models/db1.py: 2
[2016-03-27 17:26:17] EDIT Backend_for_Complaints/models/db1.py: 0
[2016-03-27 17:26:46] EDIT Backend_for_Complaints/models/db1.py: 0
[2016-03-27 17:26:53] EDIT Backend_for_Complaints/models/db1.py: 0
[2016-03-27 17:33:06] EDIT Backend_for_Complaints/models/db1.py: 0
[2016-03-27 17:33:14] EDIT Backend_for_Complaints/models/db1.py: 0
[2016-03-27 17:44:53] EDIT Backend_for_Complaints/controllers/api.py: 5
[2016-03-27 17:47:10] EDIT Backend_for_Complaints/models/db1.py: 0
[2016-03-27 17:48:47] EDIT Backend_for_Complaints/controllers/api.py: 1
[2016-03-27 17:49:33] EDIT Backend_for_Complaints/controllers/api.py: 0
[2016-03-27 17:49:51] EDIT Backend_for_Complaints/controllers/api.py: 0
[2016-03-27 17:50:19] EDIT Backend_for_Complaints/controllers/api.py: 0
[2016-03-27 17:50:57] EDIT Backend_for_Complaints/controllers/api.py: -1
[2016-03-27 17:53:57] EDIT Backend_for_Complaints/controllers/api.py: 0
[2016-03-27 18:08:48] EDIT Backend_for_Complaints/models/db1.py: 0
[2016-03-27 18:10:07] EDIT Backend_for_Complaints/models/db1.py: 0
[2016-03-27 18:10:54] EDIT Backend_for_Complaints/controllers/api.py: 0
[2016-03-27 18:19:26] EDIT Backend_for_Complaints/controllers/api.py: 7
[2016-03-27 18:22:17] EDIT Backend_for_Complaints/controllers/api.py: -1
[2016-03-27 18:23:03] EDIT Backend_for_Complaints/models/db1.py: 2
[2016-03-27 18:23:12] EDIT Backend_for_Complaints/models/db1.py: -1
[2016-03-27 18:26:43] EDIT Backend_for_Complaints/controllers/api.py: 10
[2016-03-27 18:30:10] EDIT Backend_for_Complaints/controllers/api.py: 4
[2016-03-27 18:30:25] EDIT Backend_for_Complaints/controllers/api.py: 0
[2016-03-27 18:41:59] EDIT Backend_for_Complaints/controllers/api.py: 0
[2016-03-28 00:04:43] EDIT Backend_for_Complaints/models/db1.py: 0
[2016-03-28 00:05:02] EDIT Backend_for_Complaints/models/db1.py: 0
[2016-03-28 00:05:50] EDIT Backend_for_Complaints/controllers/api.py: 0
[2016-03-28 00:19:35] EDIT Backend_for_Complaints/controllers/api.py: 0
[2016-03-28 00:21:22] EDIT Backend_for_Complaints/controllers/api.py: 0
[2016-03-28 00:22:13] EDIT Backend_for_Complaints/models/db.py: 0
[2016-03-28 00:22:27] EDIT Backend_for_Complaints/controllers/api.py: 0
[2016-03-28 00:22:51] EDIT Backend_for_Complaints/controllers/api.py: 0
[2016-03-28 00:23:07] EDIT Backend_for_Complaints/controllers/api.py: 0
[2016-03-28 00:24:04] EDIT Backend_for_Complaints/models/db1.py: 0
[2016-03-28 00:24:29] EDIT Backend_for_Complaints/controllers/api.py: 0
[2016-03-28 00:35:09] EDIT Backend_for_Complaints/controllers/api.py: 0
[2016-03-28 00:36:08] EDIT Backend_for_Complaints/controllers/api.py: 0
[2016-03-28 00:45:45] EDIT Backend_for_Complaints/models/db1.py: 1
[2016-03-28 00:49:10] EDIT Backend_for_Complaints/controllers/api.py: 1
[2016-03-28 00:49:18] EDIT Backend_for_Complaints/models/db1.py: 0
[2016-03-28 00:49:23] EDIT Backend_for_Complaints/controllers/api.py: 0
[2016-03-28 00:50:00] EDIT Backend_for_Complaints/controllers/api.py: 1
[2016-03-28 00:51:34] EDIT Backend_for_Complaints/controllers/api.py: 4
[2016-03-28 00:52:05] EDIT Backend_for_Complaints/controllers/api.py: 2
[2016-03-28 00:53:39] EDIT Backend_for_Complaints/controllers/api.py: 0
[2016-03-28 01:00:50] EDIT Backend_for_Complaints/controllers/api.py: -2
[2016-03-28 01:01:18] EDIT Backend_for_Complaints/controllers/api.py: -1
[2016-03-28 01:01:29] EDIT Backend_for_Complaints/models/db1.py: -1
[2016-03-28 01:02:21] EDIT Backend_for_Complaints/controllers/api.py: 0
[2016-03-28 01:03:01] EDIT Backend_for_Complaints/controllers/api.py: 0
[2016-03-28 01:07:06] EDIT Backend_for_Complaints/controllers/api.py: 4
[2016-03-28 01:08:47] EDIT Backend_for_Complaints/controllers/api.py: 0
[2016-03-28 01:09:16] EDIT Backend_for_Complaints/controllers/api.py: 0
[2016-03-28 01:11:14] EDIT Backend_for_Complaints/models/db1.py: 0
[2016-03-28 01:11:27] EDIT Backend_for_Complaints/models/db1.py: 0
[2016-03-28 01:19:33] EDIT Backend_for_Complaints/controllers/api.py: 1
[2016-03-28 01:20:12] EDIT Backend_for_Complaints/controllers/api.py: 0
[2016-03-28 01:20:53] EDIT Backend_for_Complaints/controllers/api.py: 0
[2016-03-28 01:21:25] EDIT Backend_for_Complaints/controllers/api.py: -1
[2016-03-28 01:26:25] EDIT Backend_for_Complaints/controllers/api.py: 0
[2016-03-28 01:26:36] EDIT Backend_for_Complaints/controllers/api.py: 0
[2016-03-28 01:27:29] EDIT Backend_for_Complaints/controllers/api.py: 2
[2016-03-28 01:27:33] EDIT Backend_for_Complaints/controllers/api.py: 0
[2016-03-28 01:28:12] EDIT Backend_for_Complaints/controllers/api.py: 0
[2016-03-28 01:28:40] EDIT Backend_for_Complaints/controllers/api.py: 0
[2016-03-28 01:28:54] EDIT Backend_for_Complaints/controllers/api.py: 0
[2016-03-28 01:29:10] EDIT Backend_for_Complaints/controllers/api.py: 0
[2016-03-28 01:29:19] EDIT Backend_for_Complaints/controllers/api.py: 0
[2016-03-28 01:30:09] EDIT Backend_for_Complaints/controllers/api.py: 2
[2016-03-28 01:31:20] EDIT Backend_for_Complaints/controllers/api.py: -1
[2016-03-28 01:32:18] EDIT Backend_for_Complaints/controllers/api.py: 0
[2016-03-28 01:32:43] EDIT Backend_for_Complaints/controllers/api.py: 0
[2016-03-28 01:33:06] EDIT Backend_for_Complaints/controllers/api.py: 0
[2016-03-28 01:33:22] EDIT Backend_for_Complaints/controllers/api.py: 0
[2016-03-28 01:33:52] EDIT Backend_for_Complaints/controllers/api.py: 0
[2016-03-28 01:34:58] EDIT Backend_for_Complaints/controllers/api.py: -1
[2016-03-28 01:35:00] EDIT Backend_for_Complaints/controllers/api.py: 0
[2016-03-28 01:35:17] EDIT Backend_for_Complaints/controllers/api.py: 0
[2016-03-28 01:36:22] EDIT Backend_for_Complaints/controllers/api.py: 0
[2016-03-28 01:36:59] EDIT Backend_for_Complaints/controllers/api.py: -3
[2016-03-28 01:37:27] EDIT Backend_for_Complaints/controllers/api.py: 1
[2016-03-28 01:37:29] EDIT Backend_for_Complaints/controllers/api.py: 0
[2016-03-28 01:38:06] EDIT Backend_for_Complaints/controllers/api.py: -2
[2016-03-28 01:38:21] EDIT Backend_for_Complaints/controllers/api.py: -1
[2016-03-28 20:32:17] EDIT Backend_for_Complaints/models/db1.py: 1
[2016-03-28 22:42:07] EDIT Backend_for_Complaints/models/db.py: 0
[2016-03-28 22:44:18] EDIT Backend_for_Complaints/models/db.py: 0
[2016-03-28 23:58:44] EDIT Backend_for_Complaints/controllers/default.py: 0
[2016-03-28 23:59:10] EDIT Backend_for_Complaints/controllers/default.py: 0
